<?xml version="1.0" encoding="UTF-8"?>
<!-- Generated by org.testng.reporters.JUnitXMLReporter -->
<testsuite hostname="Lenovo-pc" ignored="0" name="Test CRM Login Page" tests="6" failures="0" timestamp="28 Jan 2020 18:19:47 GMT" time="90.177" errors="0">
  <testcase name="testLoginPageTitle" time="0.018" classname="com.crm.qa.tests.LoginPageTest"/>
  <testcase name="testLoginButtonEnable" time="0.116" classname="com.crm.qa.tests.LoginPageTest"/>
  <testcase name="testClassicCRMDisplay" time="0.062" classname="com.crm.qa.tests.LoginPageTest"/>
  <testcase name="testClassicCRMRedirect" time="4.042" classname="com.crm.qa.tests.LoginPageTest"/>
  <testcase name="testForgetPassword" time="3.968" classname="com.crm.qa.tests.LoginPageTest"/>
  <testcase name="testvalidLoginCredential" time="0.818" classname="com.crm.qa.tests.LoginPageTest"/>
</testsuite> <!-- Test CRM Login Page -->
