<?xml version="1.0" encoding="UTF-8"?>
<!-- Generated by org.testng.reporters.JUnitXMLReporter -->
<testsuite hostname="Lenovo-pc" ignored="0" name="Test CRM FrontPage" tests="10" failures="0" timestamp="28 Jan 2020 18:18:17 GMT" time="102.357" errors="0">
  <testcase name="frontPageTitleTest" time="0.464" classname="com.crm.qa.tests.FrontPageTest"/>
  <testcase name="tagLineTest" time="0.604" classname="com.crm.qa.tests.FrontPageTest"/>
  <testcase name="tagLineDetailTest" time="0.387" classname="com.crm.qa.tests.FrontPageTest"/>
  <testcase name="loginButtonDispplayedTest" time="1.213" classname="com.crm.qa.tests.FrontPageTest"/>
  <testcase name="signUpButtonDisplayedTest" time="0.534" classname="com.crm.qa.tests.FrontPageTest"/>
  <testcase name="loginRedirectTest" time="7.329" classname="com.crm.qa.tests.FrontPageTest"/>
  <testcase name="signUpRedirectTest" time="4.07" classname="com.crm.qa.tests.FrontPageTest"/>
  <testcase name="sideSignUpRedirectTest" time="3.31" classname="com.crm.qa.tests.FrontPageTest"/>
  <testcase name="aboutRedirectTest" time="1.923" classname="com.crm.qa.tests.FrontPageTest"/>
  <testcase name="pricingRedirectTest" time="3.152" classname="com.crm.qa.tests.FrontPageTest"/>
</testsuite> <!-- Test CRM FrontPage -->
