<?xml version="1.0" encoding="UTF-8"?>
<!-- Generated by org.testng.reporters.JUnitXMLReporter -->
<testsuite hostname="Lenovo-pc" ignored="0" name="Default test" tests="10" failures="0" timestamp="28 Jan 2020 17:43:11 GMT" time="100.692" errors="0">
  <testcase name="frontPageTitleTest" time="0.394" classname="com.crm.qa.tests.FrontPageTest"/>
  <testcase name="tagLineTest" time="0.593" classname="com.crm.qa.tests.FrontPageTest"/>
  <testcase name="tagLineDetailTest" time="0.384" classname="com.crm.qa.tests.FrontPageTest"/>
  <testcase name="loginButtonDispplayedTest" time="0.238" classname="com.crm.qa.tests.FrontPageTest"/>
  <testcase name="signUpButtonDisplayedTest" time="0.26" classname="com.crm.qa.tests.FrontPageTest"/>
  <testcase name="loginRedirectTest" time="9.17" classname="com.crm.qa.tests.FrontPageTest"/>
  <testcase name="signUpRedirectTest" time="4.134" classname="com.crm.qa.tests.FrontPageTest"/>
  <testcase name="sideSignUpRedirectTest" time="3.561" classname="com.crm.qa.tests.FrontPageTest"/>
  <testcase name="aboutRedirectTest" time="1.956" classname="com.crm.qa.tests.FrontPageTest"/>
  <testcase name="pricingRedirectTest" time="3.454" classname="com.crm.qa.tests.FrontPageTest"/>
</testsuite> <!-- Default test -->
