<?xml version="1.0" encoding="UTF-8"?>
<!-- Generated by org.testng.reporters.JUnitXMLReporter -->
<testsuite hostname="Lenovo-pc" ignored="0" name="Default test" tests="5" failures="0" timestamp="01 Jan 2020 18:07:44 GMT" time="97.869" errors="0">
  <testcase name="testLoginPageTitle" time="0.024" classname="com.crm.qa.tests.LoginPageTest"/>
  <testcase name="testLoginButtonEnable" time="0.306" classname="com.crm.qa.tests.LoginPageTest"/>
  <testcase name="testClassicCRMDisplay" time="0.557" classname="com.crm.qa.tests.LoginPageTest"/>
  <testcase name="testClassicCRMRedirect" time="3.51" classname="com.crm.qa.tests.LoginPageTest"/>
  <testcase name="testForgetPassword" time="2.028" classname="com.crm.qa.tests.LoginPageTest"/>
</testsuite> <!-- Default test -->
