<?xml version="1.0" encoding="UTF-8"?>
<testng-results skipped="0" failed="0" ignored="0" total="5" passed="5">
  <reporter-output>
  </reporter-output>
  <suite name="Default suite" duration-ms="97869" started-at="2020-01-01T18:06:06Z" finished-at="2020-01-01T18:07:44Z">
    <groups>
    </groups>
    <test name="Default test" duration-ms="97869" started-at="2020-01-01T18:06:06Z" finished-at="2020-01-01T18:07:44Z">
      <class name="com.crm.qa.tests.LoginPageTest">
        <test-method status="PASS" signature="setUp()[pri:0, instance:com.crm.qa.tests.LoginPageTest@6d4b1c02]" name="setUp" is-config="true" duration-ms="24313" started-at="2020-01-01T18:06:06Z" finished-at="2020-01-01T18:06:30Z">
          <reporter-output>
          </reporter-output>
        </test-method> <!-- setUp -->
        <test-method status="PASS" signature="testLoginPageTitle()[pri:1, instance:com.crm.qa.tests.LoginPageTest@6d4b1c02]" name="testLoginPageTitle" duration-ms="24" started-at="2020-01-01T18:06:30Z" finished-at="2020-01-01T18:06:30Z">
          <reporter-output>
          </reporter-output>
        </test-method> <!-- testLoginPageTitle -->
        <test-method status="PASS" signature="tearDown()[pri:0, instance:com.crm.qa.tests.LoginPageTest@6d4b1c02]" name="tearDown" is-config="true" duration-ms="671" started-at="2020-01-01T18:06:30Z" finished-at="2020-01-01T18:06:31Z">
          <reporter-output>
          </reporter-output>
        </test-method> <!-- tearDown -->
        <test-method status="PASS" signature="setUp()[pri:0, instance:com.crm.qa.tests.LoginPageTest@6d4b1c02]" name="setUp" is-config="true" duration-ms="14792" started-at="2020-01-01T18:06:31Z" finished-at="2020-01-01T18:06:46Z">
          <reporter-output>
          </reporter-output>
        </test-method> <!-- setUp -->
        <test-method status="PASS" signature="testLoginButtonEnable()[pri:2, instance:com.crm.qa.tests.LoginPageTest@6d4b1c02]" name="testLoginButtonEnable" duration-ms="306" started-at="2020-01-01T18:06:46Z" finished-at="2020-01-01T18:06:46Z">
          <reporter-output>
          </reporter-output>
        </test-method> <!-- testLoginButtonEnable -->
        <test-method status="PASS" signature="tearDown()[pri:0, instance:com.crm.qa.tests.LoginPageTest@6d4b1c02]" name="tearDown" is-config="true" duration-ms="658" started-at="2020-01-01T18:06:46Z" finished-at="2020-01-01T18:06:47Z">
          <reporter-output>
          </reporter-output>
        </test-method> <!-- tearDown -->
        <test-method status="PASS" signature="setUp()[pri:0, instance:com.crm.qa.tests.LoginPageTest@6d4b1c02]" name="setUp" is-config="true" duration-ms="19667" started-at="2020-01-01T18:06:47Z" finished-at="2020-01-01T18:07:06Z">
          <reporter-output>
          </reporter-output>
        </test-method> <!-- setUp -->
        <test-method status="PASS" signature="testClassicCRMDisplay()[pri:3, instance:com.crm.qa.tests.LoginPageTest@6d4b1c02]" name="testClassicCRMDisplay" duration-ms="557" started-at="2020-01-01T18:07:06Z" finished-at="2020-01-01T18:07:07Z">
          <reporter-output>
          </reporter-output>
        </test-method> <!-- testClassicCRMDisplay -->
        <test-method status="PASS" signature="tearDown()[pri:0, instance:com.crm.qa.tests.LoginPageTest@6d4b1c02]" name="tearDown" is-config="true" duration-ms="1348" started-at="2020-01-01T18:07:07Z" finished-at="2020-01-01T18:07:08Z">
          <reporter-output>
          </reporter-output>
        </test-method> <!-- tearDown -->
        <test-method status="PASS" signature="setUp()[pri:0, instance:com.crm.qa.tests.LoginPageTest@6d4b1c02]" name="setUp" is-config="true" duration-ms="14921" started-at="2020-01-01T18:07:08Z" finished-at="2020-01-01T18:07:23Z">
          <reporter-output>
          </reporter-output>
        </test-method> <!-- setUp -->
        <test-method status="PASS" signature="testClassicCRMRedirect()[pri:4, instance:com.crm.qa.tests.LoginPageTest@6d4b1c02]" name="testClassicCRMRedirect" duration-ms="3510" started-at="2020-01-01T18:07:23Z" finished-at="2020-01-01T18:07:27Z">
          <reporter-output>
          </reporter-output>
        </test-method> <!-- testClassicCRMRedirect -->
        <test-method status="PASS" signature="tearDown()[pri:0, instance:com.crm.qa.tests.LoginPageTest@6d4b1c02]" name="tearDown" is-config="true" duration-ms="651" started-at="2020-01-01T18:07:27Z" finished-at="2020-01-01T18:07:27Z">
          <reporter-output>
          </reporter-output>
        </test-method> <!-- tearDown -->
        <test-method status="PASS" signature="setUp()[pri:0, instance:com.crm.qa.tests.LoginPageTest@6d4b1c02]" name="setUp" is-config="true" duration-ms="13722" started-at="2020-01-01T18:07:27Z" finished-at="2020-01-01T18:07:41Z">
          <reporter-output>
          </reporter-output>
        </test-method> <!-- setUp -->
        <test-method status="PASS" signature="testForgetPassword()[pri:5, instance:com.crm.qa.tests.LoginPageTest@6d4b1c02]" name="testForgetPassword" duration-ms="2028" started-at="2020-01-01T18:07:41Z" finished-at="2020-01-01T18:07:43Z">
          <reporter-output>
          </reporter-output>
        </test-method> <!-- testForgetPassword -->
        <test-method status="PASS" signature="tearDown()[pri:0, instance:com.crm.qa.tests.LoginPageTest@6d4b1c02]" name="tearDown" is-config="true" duration-ms="627" started-at="2020-01-01T18:07:43Z" finished-at="2020-01-01T18:07:44Z">
          <reporter-output>
          </reporter-output>
        </test-method> <!-- tearDown -->
      </class> <!-- com.crm.qa.tests.LoginPageTest -->
    </test> <!-- Default test -->
  </suite> <!-- Default suite -->
</testng-results>
